# JRE version: OpenJDK Runtime Environment (21.0.10) (build 21.0.10+-14961533-b1163.108)
# Java VM: OpenJDK 64-Bit Server VM (21.0.10+-14961533-b1163.108, mixed mode, tiered, compressed oops, compressed class ptrs, g1 gc, windows-amd64)
GC Precious Log:
 CardTable entry size: 512
 Card Set container configuration: InlinePtr #cards 5 size 8 Array Of Cards #cards 12 size 40 Howl #buckets 4 coarsen threshold 1843 Howl Bitmap #cards 512 size 80 coarsen threshold 460 Card regions per heap region 1 cards per card region 2048
 CPUs: 8 total, 8 available
 Memory: 7834M
 Large Page Support: Disabled
 NUMA Support: Disabled
 Compressed Oops: Enabled (32-bit)
 Heap Region Size: 1M
 Heap Min Capacity: 8M
 Heap Initial Capacity: 124M
 Heap Max Capacity: 2G
 Pre-touch: Disabled
 Parallel Workers: 8
 Concurrent Workers: 2
 Concurrent Refinement Workers: 8
 Periodic GC: Disabled
Heap:
 garbage-first heap   total 281600K, used 165466K [0x0000000080000000, 0x0000000100000000)
  region size 1024K, 4 young (4096K), 4 survivors (4096K)
 Metaspace       used 151085K, committed 156544K, reserved 1245184K
  class space    used 21205K, committed 23232K, reserved 1048576K
GC Heap History (20 events):
Event: 227.243 GC heap after
{Heap after GC invocations=61 (full 0):
 garbage-first heap   total 224256K, used 138714K [0x0000000080000000, 0x0000000100000000)
  region size 1024K, 9 young (9216K), 9 survivors (9216K)
 Metaspace       used 138147K, committed 140608K, reserved 1179648K
  class space    used 19714K, committed 20928K, reserved 1048576K
}
Event: 228.518 GC heap before
{Heap before GC invocations=61 (full 0):
 garbage-first heap   total 224256K, used 210394K [0x0000000080000000, 0x0000000100000000)
  region size 1024K, 80 young (81920K), 9 survivors (9216K)
 Metaspace       used 144137K, committed 146688K, reserved 1179648K
  class space    used 20700K, committed 21952K, reserved 1048576K
}
Event: 228.543 GC heap after
{Heap after GC invocations=62 (full 0):
 garbage-first heap   total 224256K, used 140131K [0x0000000080000000, 0x0000000100000000)
  region size 1024K, 6 young (6144K), 6 survivors (6144K)
 Metaspace       used 144137K, committed 146688K, reserved 1179648K
  class space    used 20700K, committed 21952K, reserved 1048576K
}
Event: 229.552 GC heap before
{Heap before GC invocations=63 (full 0):
 garbage-first heap   total 235520K, used 209763K [0x0000000080000000, 0x0000000100000000)
  region size 1024K, 75 young (76800K), 6 survivors (6144K)
 Metaspace       used 147385K, committed 149952K, reserved 1179648K
  class space    used 21173K, committed 22464K, reserved 1048576K
}
Event: 229.562 GC heap after
{Heap after GC invocations=64 (full 0):
 garbage-first heap   total 235520K, used 141593K [0x0000000080000000, 0x0000000100000000)
  region size 1024K, 7 young (7168K), 7 survivors (7168K)
 Metaspace       used 147385K, committed 149952K, reserved 1179648K
  class space    used 21173K, committed 22464K, reserved 1048576K
}
Event: 233.051 GC heap before
{Heap before GC invocations=64 (full 0):
 garbage-first heap   total 235520K, used 221465K [0x0000000080000000, 0x0000000100000000)
  region size 1024K, 86 young (88064K), 7 survivors (7168K)
 Metaspace       used 151010K, committed 153472K, reserved 1179648K
  class space    used 21631K, committed 22848K, reserved 1048576K
}
Event: 233.066 GC heap after
{Heap after GC invocations=65 (full 0):
 garbage-first heap   total 235520K, used 142371K [0x0000000080000000, 0x0000000100000000)
  region size 1024K, 6 young (6144K), 6 survivors (6144K)
 Metaspace       used 151010K, committed 153472K, reserved 1179648K
  class space    used 21631K, committed 22848K, reserved 1048576K
}
Event: 233.225 GC heap before
{Heap before GC invocations=65 (full 0):
 garbage-first heap   total 235520K, used 146467K [0x0000000080000000, 0x0000000100000000)
  region size 1024K, 11 young (11264K), 6 survivors (6144K)
 Metaspace       used 151439K, committed 153984K, reserved 1245184K
  class space    used 21690K, committed 22912K, reserved 1048576K
}
Event: 233.236 GC heap after
{Heap after GC invocations=66 (full 0):
 garbage-first heap   total 235520K, used 142705K [0x0000000080000000, 0x0000000100000000)
  region size 1024K, 7 young (7168K), 7 survivors (7168K)
 Metaspace       used 151439K, committed 153984K, reserved 1245184K
  class space    used 21690K, committed 22912K, reserved 1048576K
}
Event: 1134.657 GC heap before
{Heap before GC invocations=67 (full 0):
 garbage-first heap   total 281600K, used 224625K [0x0000000080000000, 0x0000000100000000)
  region size 1024K, 64 young (65536K), 7 survivors (7168K)
 Metaspace       used 152796K, committed 155392K, reserved 1245184K
  class space    used 21891K, committed 23168K, reserved 1048576K
}
Event: 1135.007 GC heap after
{Heap after GC invocations=68 (full 0):
 garbage-first heap   total 281600K, used 142865K [0x0000000080000000, 0x0000000100000000)
  region size 1024K, 2 young (2048K), 2 survivors (2048K)
 Metaspace       used 152796K, committed 155392K, reserved 1245184K
  class space    used 21891K, committed 23168K, reserved 1048576K
}
Event: 1481.766 GC heap before
{Heap before GC invocations=68 (full 0):
 garbage-first heap   total 281600K, used 237073K [0x0000000080000000, 0x0000000100000000)
  region size 1024K, 95 young (97280K), 2 survivors (2048K)
 Metaspace       used 153344K, committed 155904K, reserved 1245184K
  class space    used 21899K, committed 23168K, reserved 1048576K
}
Event: 1481.867 GC heap after
{Heap after GC invocations=69 (full 0):
 garbage-first heap   total 281600K, used 151934K [0x0000000080000000, 0x0000000100000000)
  region size 1024K, 11 young (11264K), 11 survivors (11264K)
 Metaspace       used 153344K, committed 155904K, reserved 1245184K
  class space    used 21899K, committed 23168K, reserved 1048576K
}
Event: 1484.422 GC heap before
{Heap before GC invocations=69 (full 0):
 garbage-first heap   total 281600K, used 243070K [0x0000000080000000, 0x0000000100000000)
  region size 1024K, 101 young (103424K), 11 survivors (11264K)
 Metaspace       used 153496K, committed 156096K, reserved 1245184K
  class space    used 21903K, committed 23232K, reserved 1048576K
}
Event: 1484.534 GC heap after
{Heap after GC invocations=70 (full 0):
 garbage-first heap   total 281600K, used 154673K [0x0000000080000000, 0x0000000100000000)
  region size 1024K, 5 young (5120K), 5 survivors (5120K)
 Metaspace       used 153496K, committed 156096K, reserved 1245184K
  class space    used 21903K, committed 23232K, reserved 1048576K
}
Event: 2033.963 GC heap before
{Heap before GC invocations=70 (full 0):
 garbage-first heap   total 281600K, used 249905K [0x0000000080000000, 0x0000000100000000)
  region size 1024K, 99 young (101376K), 5 survivors (5120K)
 Metaspace       used 153867K, committed 156480K, reserved 1245184K
  class space    used 21914K, committed 23232K, reserved 1048576K
}
Event: 2034.141 GC heap after
{Heap after GC invocations=71 (full 0):
 garbage-first heap   total 281600K, used 163531K [0x0000000080000000, 0x0000000100000000)
  region size 1024K, 13 young (13312K), 13 survivors (13312K)
 Metaspace       used 153867K, committed 156480K, reserved 1245184K
  class space    used 21914K, committed 23232K, reserved 1048576K
}
Event: 2034.954 GC heap before
{Heap before GC invocations=71 (full 0):
 garbage-first heap   total 281600K, used 178891K [0x0000000080000000, 0x0000000100000000)
  region size 1024K, 29 young (29696K), 13 survivors (13312K)
 Metaspace       used 153878K, committed 156544K, reserved 1245184K
  class space    used 21914K, committed 23232K, reserved 1048576K
}
Event: 2035.008 GC heap after
{Heap after GC invocations=72 (full 0):
 garbage-first heap   total 281600K, used 165068K [0x0000000080000000, 0x0000000100000000)
  region size 1024K, 3 young (3072K), 3 survivors (3072K)
 Metaspace       used 153878K, committed 156544K, reserved 1245184K
  class space    used 21914K, committed 23232K, reserved 1048576K
}
Event: 2038.314 GC heap before
{Heap before GC invocations=72 (full 0):
 garbage-first heap   total 281600K, used 212172K [0x0000000080000000, 0x0000000100000000)
  region size 1024K, 51 young (52224K), 3 survivors (3072K)
 Metaspace       used 151085K, committed 156544K, reserved 1245184K
  class space    used 21205K, committed 23232K, reserved 1048576K
}

