# JRE version: OpenJDK Runtime Environment (21.0.10) (build 21.0.10+-14961533-b1163.108)
# Java VM: OpenJDK 64-Bit Server VM (21.0.10+-14961533-b1163.108, mixed mode, tiered, compressed oops, compressed class ptrs, g1 gc, windows-amd64)
GC Precious Log:
 CardTable entry size: 512
 Card Set container configuration: InlinePtr #cards 5 size 8 Array Of Cards #cards 12 size 40 Howl #buckets 4 coarsen threshold 1843 Howl Bitmap #cards 512 size 80 coarsen threshold 460 Card regions per heap region 1 cards per card region 2048
 CPUs: 8 total, 8 available
 Memory: 7834M
 Large Page Support: Disabled
 NUMA Support: Disabled
 Compressed Oops: Enabled (32-bit)
 Heap Region Size: 1M
 Heap Min Capacity: 8M
 Heap Initial Capacity: 124M
 Heap Max Capacity: 2G
 Pre-touch: Disabled
 Parallel Workers: 8
 Concurrent Workers: 2
 Concurrent Refinement Workers: 8
 Periodic GC: Disabled
Heap:
 garbage-first heap   total 357376K, used 220885K [0x0000000080000000, 0x0000000100000000)
  region size 1024K, 38 young (38912K), 15 survivors (15360K)
 Metaspace       used 208621K, committed 211392K, reserved 1245184K
  class space    used 27503K, committed 28864K, reserved 1048576K
GC Heap History (20 events):
Event: 46.299 GC heap before
{Heap before GC invocations=52 (full 0):
 garbage-first heap   total 324608K, used 278838K [0x0000000080000000, 0x0000000100000000)
  region size 1024K, 76 young (77824K), 8 survivors (8192K)
 Metaspace       used 167053K, committed 169344K, reserved 1245184K
  class space    used 22010K, committed 23104K, reserved 1048576K
}
Event: 46.315 GC heap after
{Heap after GC invocations=53 (full 0):
 garbage-first heap   total 324608K, used 211057K [0x0000000080000000, 0x0000000100000000)
  region size 1024K, 5 young (5120K), 5 survivors (5120K)
 Metaspace       used 167053K, committed 169344K, reserved 1245184K
  class space    used 22010K, committed 23104K, reserved 1048576K
}
Event: 47.999 GC heap before
{Heap before GC invocations=53 (full 0):
 garbage-first heap   total 324608K, used 283761K [0x0000000080000000, 0x0000000100000000)
  region size 1024K, 76 young (77824K), 5 survivors (5120K)
 Metaspace       used 171835K, committed 174080K, reserved 1245184K
  class space    used 22852K, committed 23936K, reserved 1048576K
}
Event: 48.007 GC heap after
{Heap after GC invocations=54 (full 0):
 garbage-first heap   total 324608K, used 213083K [0x0000000080000000, 0x0000000100000000)
  region size 1024K, 7 young (7168K), 7 survivors (7168K)
 Metaspace       used 171835K, committed 174080K, reserved 1245184K
  class space    used 22852K, committed 23936K, reserved 1048576K
}
Event: 50.201 GC heap before
{Heap before GC invocations=55 (full 0):
 garbage-first heap   total 357376K, used 291931K [0x0000000080000000, 0x0000000100000000)
  region size 1024K, 82 young (83968K), 7 survivors (7168K)
 Metaspace       used 179368K, committed 181952K, reserved 1245184K
  class space    used 24003K, committed 25280K, reserved 1048576K
}
Event: 50.213 GC heap after
{Heap after GC invocations=56 (full 0):
 garbage-first heap   total 357376K, used 218988K [0x0000000080000000, 0x0000000100000000)
  region size 1024K, 6 young (6144K), 6 survivors (6144K)
 Metaspace       used 179368K, committed 181952K, reserved 1245184K
  class space    used 24003K, committed 25280K, reserved 1048576K
}
Event: 54.921 GC heap before
{Heap before GC invocations=56 (full 0):
 garbage-first heap   total 357376K, used 319340K [0x0000000080000000, 0x0000000100000000)
  region size 1024K, 105 young (107520K), 6 survivors (6144K)
 Metaspace       used 179500K, committed 182016K, reserved 1245184K
  class space    used 24024K, committed 25280K, reserved 1048576K
}
Event: 54.938 GC heap after
{Heap after GC invocations=57 (full 0):
 garbage-first heap   total 357376K, used 223087K [0x0000000080000000, 0x0000000100000000)
  region size 1024K, 14 young (14336K), 14 survivors (14336K)
 Metaspace       used 179500K, committed 182016K, reserved 1245184K
  class space    used 24024K, committed 25280K, reserved 1048576K
}
Event: 57.510 GC heap before
{Heap before GC invocations=57 (full 0):
 garbage-first heap   total 357376K, used 271215K [0x0000000080000000, 0x0000000100000000)
  region size 1024K, 63 young (64512K), 14 survivors (14336K)
 Metaspace       used 180139K, committed 182720K, reserved 1245184K
  class space    used 24089K, committed 25344K, reserved 1048576K
}
Event: 57.531 GC heap after
{Heap after GC invocations=58 (full 0):
 garbage-first heap   total 357376K, used 227861K [0x0000000080000000, 0x0000000100000000)
  region size 1024K, 5 young (5120K), 5 survivors (5120K)
 Metaspace       used 180139K, committed 182720K, reserved 1245184K
  class space    used 24089K, committed 25344K, reserved 1048576K
}
Event: 62.599 GC heap before
{Heap before GC invocations=59 (full 0):
 garbage-first heap   total 357376K, used 290325K [0x0000000080000000, 0x0000000100000000)
  region size 1024K, 100 young (102400K), 5 survivors (5120K)
 Metaspace       used 189991K, committed 192512K, reserved 1245184K
  class space    used 25372K, committed 26624K, reserved 1048576K
}
Event: 62.611 GC heap after
{Heap after GC invocations=60 (full 0):
 garbage-first heap   total 357376K, used 192996K [0x0000000080000000, 0x0000000100000000)
  region size 1024K, 7 young (7168K), 7 survivors (7168K)
 Metaspace       used 189991K, committed 192512K, reserved 1245184K
  class space    used 25372K, committed 26624K, reserved 1048576K
}
Event: 69.101 GC heap before
{Heap before GC invocations=60 (full 0):
 garbage-first heap   total 357376K, used 328164K [0x0000000080000000, 0x0000000100000000)
  region size 1024K, 135 young (138240K), 7 survivors (7168K)
 Metaspace       used 196818K, committed 199424K, reserved 1245184K
  class space    used 26063K, committed 27328K, reserved 1048576K
}
Event: 69.128 GC heap after
{Heap after GC invocations=61 (full 0):
 garbage-first heap   total 357376K, used 198355K [0x0000000080000000, 0x0000000100000000)
  region size 1024K, 16 young (16384K), 16 survivors (16384K)
 Metaspace       used 196818K, committed 199424K, reserved 1245184K
  class space    used 26063K, committed 27328K, reserved 1048576K
}
Event: 74.539 GC heap before
{Heap before GC invocations=61 (full 0):
 garbage-first heap   total 357376K, used 324307K [0x0000000080000000, 0x0000000100000000)
  region size 1024K, 140 young (143360K), 16 survivors (16384K)
 Metaspace       used 200663K, committed 203328K, reserved 1245184K
  class space    used 26465K, committed 27712K, reserved 1048576K
}
Event: 74.581 GC heap after
{Heap after GC invocations=62 (full 0):
 garbage-first heap   total 357376K, used 183257K [0x0000000080000000, 0x0000000100000000)
  region size 1024K, 18 young (18432K), 18 survivors (18432K)
 Metaspace       used 200663K, committed 203328K, reserved 1245184K
  class space    used 26465K, committed 27712K, reserved 1048576K
}
Event: 75.506 GC heap before
{Heap before GC invocations=62 (full 0):
 garbage-first heap   total 357376K, used 207833K [0x0000000080000000, 0x0000000100000000)
  region size 1024K, 43 young (44032K), 18 survivors (18432K)
 Metaspace       used 203380K, committed 206080K, reserved 1245184K
  class space    used 26800K, committed 28096K, reserved 1048576K
}
Event: 75.532 GC heap after
{Heap after GC invocations=63 (full 0):
 garbage-first heap   total 357376K, used 187268K [0x0000000080000000, 0x0000000100000000)
  region size 1024K, 13 young (13312K), 13 survivors (13312K)
 Metaspace       used 203380K, committed 206080K, reserved 1245184K
  class space    used 26800K, committed 28096K, reserved 1048576K
}
Event: 134.896 GC heap before
{Heap before GC invocations=64 (full 0):
 garbage-first heap   total 357376K, used 326532K [0x0000000080000000, 0x0000000100000000)
  region size 1024K, 148 young (151552K), 13 survivors (13312K)
 Metaspace       used 208298K, committed 211072K, reserved 1245184K
  class space    used 27464K, committed 28800K, reserved 1048576K
}
Event: 135.004 GC heap after
{Heap after GC invocations=65 (full 0):
 garbage-first heap   total 357376K, used 198357K [0x0000000080000000, 0x0000000100000000)
  region size 1024K, 15 young (15360K), 15 survivors (15360K)
 Metaspace       used 208298K, committed 211072K, reserved 1245184K
  class space    used 27464K, committed 28800K, reserved 1048576K
}

