# JRE version: OpenJDK Runtime Environment (21.0.10) (build 21.0.10+-14961533-b1163.108)
# Java VM: OpenJDK 64-Bit Server VM (21.0.10+-14961533-b1163.108, mixed mode, tiered, compressed oops, compressed class ptrs, g1 gc, windows-amd64)
GC Precious Log:
 CardTable entry size: 512
 Card Set container configuration: InlinePtr #cards 5 size 8 Array Of Cards #cards 12 size 40 Howl #buckets 4 coarsen threshold 1843 Howl Bitmap #cards 512 size 80 coarsen threshold 460 Card regions per heap region 1 cards per card region 2048
 CPUs: 8 total, 8 available
 Memory: 7834M
 Large Page Support: Disabled
 NUMA Support: Disabled
 Compressed Oops: Enabled (32-bit)
 Heap Region Size: 1M
 Heap Min Capacity: 8M
 Heap Initial Capacity: 124M
 Heap Max Capacity: 2G
 Pre-touch: Disabled
 Parallel Workers: 8
 Concurrent Workers: 2
 Concurrent Refinement Workers: 8
 Periodic GC: Disabled
Heap:
 garbage-first heap   total 445440K, used 372652K [0x0000000080000000, 0x0000000100000000)
  region size 1024K, 127 young (130048K), 11 survivors (11264K)
 Metaspace       used 247358K, committed 250432K, reserved 1310720K
  class space    used 32944K, committed 34432K, reserved 1048576K
GC Heap History (20 events):
Event: 187.591 GC heap before
{Heap before GC invocations=72 (full 0):
 garbage-first heap   total 416768K, used 373655K [0x0000000080000000, 0x0000000100000000)
  region size 1024K, 129 young (132096K), 9 survivors (9216K)
 Metaspace       used 220702K, committed 223616K, reserved 1245184K
  class space    used 28961K, committed 30400K, reserved 1048576K
}
Event: 188.267 GC heap after
{Heap after GC invocations=73 (full 0):
 garbage-first heap   total 416768K, used 244836K [0x0000000080000000, 0x0000000100000000)
  region size 1024K, 17 young (17408K), 17 survivors (17408K)
 Metaspace       used 220702K, committed 223616K, reserved 1245184K
  class space    used 28961K, committed 30400K, reserved 1048576K
}
Event: 190.516 GC heap before
{Heap before GC invocations=73 (full 0):
 garbage-first heap   total 416768K, used 270436K [0x0000000080000000, 0x0000000100000000)
  region size 1024K, 44 young (45056K), 17 survivors (17408K)
 Metaspace       used 221111K, committed 224064K, reserved 1245184K
  class space    used 29016K, committed 30464K, reserved 1048576K
}
Event: 190.594 GC heap after
{Heap after GC invocations=74 (full 0):
 garbage-first heap   total 416768K, used 245306K [0x0000000080000000, 0x0000000100000000)
  region size 1024K, 9 young (9216K), 9 survivors (9216K)
 Metaspace       used 221111K, committed 224064K, reserved 1245184K
  class space    used 29016K, committed 30464K, reserved 1048576K
}
Event: 195.370 GC heap before
{Heap before GC invocations=75 (full 0):
 garbage-first heap   total 416768K, used 367162K [0x0000000080000000, 0x0000000100000000)
  region size 1024K, 139 young (142336K), 9 survivors (9216K)
 Metaspace       used 227351K, committed 230272K, reserved 1310720K
  class space    used 29951K, committed 31360K, reserved 1048576K
}
Event: 195.404 GC heap after
{Heap after GC invocations=76 (full 0):
 garbage-first heap   total 416768K, used 249374K [0x0000000080000000, 0x0000000100000000)
  region size 1024K, 18 young (18432K), 18 survivors (18432K)
 Metaspace       used 227351K, committed 230272K, reserved 1310720K
  class space    used 29951K, committed 31360K, reserved 1048576K
}
Event: 195.412 GC heap before
{Heap before GC invocations=76 (full 0):
 garbage-first heap   total 416768K, used 251422K [0x0000000080000000, 0x0000000100000000)
  region size 1024K, 20 young (20480K), 18 survivors (18432K)
 Metaspace       used 227366K, committed 230272K, reserved 1310720K
  class space    used 29952K, committed 31360K, reserved 1048576K
}
Event: 195.453 GC heap after
{Heap after GC invocations=77 (full 0):
 garbage-first heap   total 416768K, used 250292K [0x0000000080000000, 0x0000000100000000)
  region size 1024K, 3 young (3072K), 3 survivors (3072K)
 Metaspace       used 227366K, committed 230272K, reserved 1310720K
  class space    used 29952K, committed 31360K, reserved 1048576K
}
Event: 197.665 GC heap before
{Heap before GC invocations=77 (full 0):
 garbage-first heap   total 416768K, used 377268K [0x0000000080000000, 0x0000000100000000)
  region size 1024K, 127 young (130048K), 3 survivors (3072K)
 Metaspace       used 237107K, committed 240064K, reserved 1310720K
  class space    used 31575K, committed 33024K, reserved 1048576K
}
Event: 197.685 GC heap after
{Heap after GC invocations=78 (full 0):
 garbage-first heap   total 416768K, used 256000K [0x0000000080000000, 0x0000000100000000)
  region size 1024K, 11 young (11264K), 11 survivors (11264K)
 Metaspace       used 237107K, committed 240064K, reserved 1310720K
  class space    used 31575K, committed 33024K, reserved 1048576K
}
Event: 198.150 GC heap before
{Heap before GC invocations=78 (full 0):
 garbage-first heap   total 416768K, used 380928K [0x0000000080000000, 0x0000000100000000)
  region size 1024K, 133 young (136192K), 11 survivors (11264K)
 Metaspace       used 239689K, committed 242624K, reserved 1310720K
  class space    used 31990K, committed 33408K, reserved 1048576K
}
Event: 198.178 GC heap after
{Heap after GC invocations=79 (full 0):
 garbage-first heap   total 416768K, used 255586K [0x0000000080000000, 0x0000000100000000)
  region size 1024K, 2 young (2048K), 2 survivors (2048K)
 Metaspace       used 239689K, committed 242624K, reserved 1310720K
  class space    used 31990K, committed 33408K, reserved 1048576K
}
Event: 199.109 GC heap before
{Heap before GC invocations=79 (full 0):
 garbage-first heap   total 416768K, used 383586K [0x0000000080000000, 0x0000000100000000)
  region size 1024K, 128 young (131072K), 2 survivors (2048K)
 Metaspace       used 242841K, committed 245760K, reserved 1310720K
  class space    used 32405K, committed 33856K, reserved 1048576K
}
Event: 199.131 GC heap after
{Heap after GC invocations=80 (full 0):
 garbage-first heap   total 416768K, used 255318K [0x0000000080000000, 0x0000000100000000)
  region size 1024K, 5 young (5120K), 5 survivors (5120K)
 Metaspace       used 242841K, committed 245760K, reserved 1310720K
  class space    used 32405K, committed 33856K, reserved 1048576K
}
Event: 199.534 GC heap before
{Heap before GC invocations=80 (full 0):
 garbage-first heap   total 416768K, used 295254K [0x0000000080000000, 0x0000000100000000)
  region size 1024K, 46 young (47104K), 5 survivors (5120K)
 Metaspace       used 243405K, committed 246400K, reserved 1310720K
  class space    used 32469K, committed 33920K, reserved 1048576K
}
Event: 199.541 GC heap after
{Heap after GC invocations=81 (full 0):
 garbage-first heap   total 416768K, used 254829K [0x0000000080000000, 0x0000000100000000)
  region size 1024K, 4 young (4096K), 4 survivors (4096K)
 Metaspace       used 243405K, committed 246400K, reserved 1310720K
  class space    used 32469K, committed 33920K, reserved 1048576K
}
Event: 203.756 GC heap before
{Heap before GC invocations=82 (full 0):
 garbage-first heap   total 427008K, used 391021K [0x0000000080000000, 0x0000000100000000)
  region size 1024K, 136 young (139264K), 4 survivors (4096K)
 Metaspace       used 245167K, committed 248128K, reserved 1310720K
  class space    used 32680K, committed 34112K, reserved 1048576K
}
Event: 203.767 GC heap after
{Heap after GC invocations=83 (full 0):
 garbage-first heap   total 427008K, used 261132K [0x0000000080000000, 0x0000000100000000)
  region size 1024K, 11 young (11264K), 11 survivors (11264K)
 Metaspace       used 245167K, committed 248128K, reserved 1310720K
  class space    used 32680K, committed 34112K, reserved 1048576K
}
Event: 317.247 GC heap before
{Heap before GC invocations=83 (full 0):
 garbage-first heap   total 427008K, used 424972K [0x0000000080000000, 0x0000000100000000)
  region size 1024K, 140 young (143360K), 11 survivors (11264K)
 Metaspace       used 247232K, committed 250240K, reserved 1310720K
  class space    used 32943K, committed 34432K, reserved 1048576K
}
Event: 317.513 GC heap after
{Heap after GC invocations=84 (full 0):
 garbage-first heap   total 445440K, used 255916K [0x0000000080000000, 0x0000000100000000)
  region size 1024K, 11 young (11264K), 11 survivors (11264K)
 Metaspace       used 247232K, committed 250240K, reserved 1310720K
  class space    used 32943K, committed 34432K, reserved 1048576K
}

