# JRE version: OpenJDK Runtime Environment (21.0.10) (build 21.0.10+-14961533-b1163.108)
# Java VM: OpenJDK 64-Bit Server VM (21.0.10+-14961533-b1163.108, mixed mode, tiered, compressed oops, compressed class ptrs, g1 gc, windows-amd64)
GC Precious Log:
 CardTable entry size: 512
 Card Set container configuration: InlinePtr #cards 4 size 8 Array Of Cards #cards 16 size 48 Howl #buckets 8 coarsen threshold 3686 Howl Bitmap #cards 512 size 80 coarsen threshold 460 Card regions per heap region 1 cards per card region 4096
 CPUs: 8 total, 8 available
 Memory: 16112M
 Large Page Support: Disabled
 NUMA Support: Disabled
 Compressed Oops: Enabled (Zero based)
 Heap Region Size: 2M
 Heap Min Capacity: 8M
 Heap Initial Capacity: 252M
 Heap Max Capacity: 4030M
 Pre-touch: Disabled
 Parallel Workers: 8
 Concurrent Workers: 2
 Concurrent Refinement Workers: 8
 Periodic GC: Disabled
Heap:
 garbage-first heap   total 219136K, used 160601K [0x0000000704200000, 0x0000000800000000)
  region size 2048K, 16 young (32768K), 5 survivors (10240K)
 Metaspace       used 81986K, committed 82304K, reserved 1179648K
  class space    used 8651K, committed 8832K, reserved 1048576K
GC Heap History (20 events):
Event: 11.039 GC heap before
{Heap before GC invocations=20 (full 0):
 garbage-first heap   total 126976K, used 109116K [0x0000000704200000, 0x0000000800000000)
  region size 2048K, 15 young (30720K), 2 survivors (4096K)
 Metaspace       used 64378K, committed 64704K, reserved 1114112K
  class space    used 7256K, committed 7424K, reserved 1048576K
}
Event: 11.052 GC heap after
{Heap after GC invocations=21 (full 0):
 garbage-first heap   total 126976K, used 85556K [0x0000000704200000, 0x0000000800000000)
  region size 2048K, 2 young (4096K), 2 survivors (4096K)
 Metaspace       used 64378K, committed 64704K, reserved 1114112K
  class space    used 7256K, committed 7424K, reserved 1048576K
}
Event: 11.725 GC heap before
{Heap before GC invocations=22 (full 0):
 garbage-first heap   total 147456K, used 110132K [0x0000000704200000, 0x0000000800000000)
  region size 2048K, 14 young (28672K), 2 survivors (4096K)
 Metaspace       used 64637K, committed 64960K, reserved 1114112K
  class space    used 7267K, committed 7424K, reserved 1048576K
}
Event: 11.734 GC heap after
{Heap after GC invocations=23 (full 0):
 garbage-first heap   total 147456K, used 88052K [0x0000000704200000, 0x0000000800000000)
  region size 2048K, 2 young (4096K), 2 survivors (4096K)
 Metaspace       used 64637K, committed 64960K, reserved 1114112K
  class space    used 7267K, committed 7424K, reserved 1048576K
}
Event: 12.742 GC heap before
{Heap before GC invocations=23 (full 0):
 garbage-first heap   total 147456K, used 129012K [0x0000000704200000, 0x0000000800000000)
  region size 2048K, 22 young (45056K), 2 survivors (4096K)
 Metaspace       used 64947K, committed 65280K, reserved 1114112K
  class space    used 7272K, committed 7424K, reserved 1048576K
}
Event: 12.757 GC heap after
{Heap after GC invocations=24 (full 0):
 garbage-first heap   total 178176K, used 91525K [0x0000000704200000, 0x0000000800000000)
  region size 2048K, 3 young (6144K), 3 survivors (6144K)
 Metaspace       used 64947K, committed 65280K, reserved 1114112K
  class space    used 7272K, committed 7424K, reserved 1048576K
}
Event: 14.334 GC heap before
{Heap before GC invocations=24 (full 0):
 garbage-first heap   total 178176K, used 150917K [0x0000000704200000, 0x0000000800000000)
  region size 2048K, 32 young (65536K), 3 survivors (6144K)
 Metaspace       used 65362K, committed 65664K, reserved 1114112K
  class space    used 7276K, committed 7424K, reserved 1048576K
}
Event: 14.350 GC heap after
{Heap after GC invocations=25 (full 0):
 garbage-first heap   total 178176K, used 96950K [0x0000000704200000, 0x0000000800000000)
  region size 2048K, 4 young (8192K), 4 survivors (8192K)
 Metaspace       used 65362K, committed 65664K, reserved 1114112K
  class space    used 7276K, committed 7424K, reserved 1048576K
}
Event: 15.223 GC heap before
{Heap before GC invocations=25 (full 0):
 garbage-first heap   total 178176K, used 154294K [0x0000000704200000, 0x0000000800000000)
  region size 2048K, 32 young (65536K), 4 survivors (8192K)
 Metaspace       used 65654K, committed 65984K, reserved 1114112K
  class space    used 7282K, committed 7424K, reserved 1048576K
}
Event: 15.239 GC heap after
{Heap after GC invocations=26 (full 0):
 garbage-first heap   total 178176K, used 103612K [0x0000000704200000, 0x0000000800000000)
  region size 2048K, 3 young (6144K), 3 survivors (6144K)
 Metaspace       used 65654K, committed 65984K, reserved 1114112K
  class space    used 7282K, committed 7424K, reserved 1048576K
}
Event: 17.037 GC heap before
{Heap before GC invocations=26 (full 0):
 garbage-first heap   total 178176K, used 156860K [0x0000000704200000, 0x0000000800000000)
  region size 2048K, 29 young (59392K), 3 survivors (6144K)
 Metaspace       used 69970K, committed 70336K, reserved 1114112K
  class space    used 7622K, committed 7808K, reserved 1048576K
}
Event: 17.047 GC heap after
{Heap after GC invocations=27 (full 0):
 garbage-first heap   total 178176K, used 107066K [0x0000000704200000, 0x0000000800000000)
  region size 2048K, 2 young (4096K), 2 survivors (4096K)
 Metaspace       used 69970K, committed 70336K, reserved 1114112K
  class space    used 7622K, committed 7808K, reserved 1048576K
}
Event: 18.346 GC heap before
{Heap before GC invocations=28 (full 0):
 garbage-first heap   total 182272K, used 160314K [0x0000000704200000, 0x0000000800000000)
  region size 2048K, 28 young (57344K), 2 survivors (4096K)
 Metaspace       used 70493K, committed 70848K, reserved 1114112K
  class space    used 7643K, committed 7808K, reserved 1048576K
}
Event: 18.360 GC heap after
{Heap after GC invocations=29 (full 0):
 garbage-first heap   total 182272K, used 112302K [0x0000000704200000, 0x0000000800000000)
  region size 2048K, 4 young (8192K), 4 survivors (8192K)
 Metaspace       used 70493K, committed 70848K, reserved 1114112K
  class space    used 7643K, committed 7808K, reserved 1048576K
}
Event: 19.346 GC heap before
{Heap before GC invocations=29 (full 0):
 garbage-first heap   total 182272K, used 163502K [0x0000000704200000, 0x0000000800000000)
  region size 2048K, 29 young (59392K), 4 survivors (8192K)
 Metaspace       used 72712K, committed 73024K, reserved 1114112K
  class space    used 7863K, committed 8000K, reserved 1048576K
}
Event: 19.365 GC heap after
{Heap after GC invocations=30 (full 0):
 garbage-first heap   total 182272K, used 118077K [0x0000000704200000, 0x0000000800000000)
  region size 2048K, 4 young (8192K), 4 survivors (8192K)
 Metaspace       used 72712K, committed 73024K, reserved 1114112K
  class space    used 7863K, committed 8000K, reserved 1048576K
}
Event: 20.778 GC heap before
{Heap before GC invocations=30 (full 0):
 garbage-first heap   total 182272K, used 163133K [0x0000000704200000, 0x0000000800000000)
  region size 2048K, 27 young (55296K), 4 survivors (8192K)
 Metaspace       used 77804K, committed 78144K, reserved 1179648K
  class space    used 8279K, committed 8448K, reserved 1048576K
}
Event: 20.796 GC heap after
{Heap after GC invocations=31 (full 0):
 garbage-first heap   total 219136K, used 126503K [0x0000000704200000, 0x0000000800000000)
  region size 2048K, 4 young (8192K), 4 survivors (8192K)
 Metaspace       used 77804K, committed 78144K, reserved 1179648K
  class space    used 8279K, committed 8448K, reserved 1048576K
}
Event: 22.029 GC heap before
{Heap before GC invocations=32 (full 0):
 garbage-first heap   total 219136K, used 194087K [0x0000000704200000, 0x0000000800000000)
  region size 2048K, 38 young (77824K), 4 survivors (8192K)
 Metaspace       used 79799K, committed 80128K, reserved 1179648K
  class space    used 8418K, committed 8576K, reserved 1048576K
}
Event: 22.052 GC heap after
{Heap after GC invocations=33 (full 0):
 garbage-first heap   total 219136K, used 140121K [0x0000000704200000, 0x0000000800000000)
  region size 2048K, 5 young (10240K), 5 survivors (10240K)
 Metaspace       used 79799K, committed 80128K, reserved 1179648K
  class space    used 8418K, committed 8576K, reserved 1048576K
}

