# JRE version: OpenJDK Runtime Environment (21.0.10) (build 21.0.10+-14961533-b1163.108)
# Java VM: OpenJDK 64-Bit Server VM (21.0.10+-14961533-b1163.108, mixed mode, tiered, compressed oops, compressed class ptrs, g1 gc, windows-amd64)
GC Precious Log:
 CardTable entry size: 512
 Card Set container configuration: InlinePtr #cards 5 size 8 Array Of Cards #cards 12 size 40 Howl #buckets 4 coarsen threshold 1843 Howl Bitmap #cards 512 size 80 coarsen threshold 460 Card regions per heap region 1 cards per card region 2048
 CPUs: 8 total, 8 available
 Memory: 16112M
 Large Page Support: Disabled
 NUMA Support: Disabled
 Compressed Oops: Enabled (32-bit)
 Heap Region Size: 1M
 Heap Min Capacity: 8M
 Heap Initial Capacity: 252M
 Heap Max Capacity: 2G
 Pre-touch: Disabled
 Parallel Workers: 8
 Concurrent Workers: 2
 Concurrent Refinement Workers: 8
 Periodic GC: Disabled
Heap:
 garbage-first heap   total 350208K, used 234295K [0x0000000080000000, 0x0000000100000000)
  region size 1024K, 3 young (3072K), 3 survivors (3072K)
 Metaspace       used 155797K, committed 158336K, reserved 1245184K
  class space    used 21470K, committed 22720K, reserved 1048576K
GC Heap History (20 events):
Event: 65.038 GC heap after
{Heap after GC invocations=55 (full 0):
 garbage-first heap   total 272384K, used 166825K [0x0000000080000000, 0x0000000100000000)
  region size 1024K, 6 young (6144K), 6 survivors (6144K)
 Metaspace       used 135131K, committed 137536K, reserved 1179648K
  class space    used 18352K, committed 19520K, reserved 1048576K
}
Event: 237.213 GC heap before
{Heap before GC invocations=55 (full 0):
 garbage-first heap   total 272384K, used 252841K [0x0000000080000000, 0x0000000100000000)
  region size 1024K, 90 young (92160K), 6 survivors (6144K)
 Metaspace       used 135406K, committed 137792K, reserved 1179648K
  class space    used 18356K, committed 19520K, reserved 1048576K
}
Event: 237.222 GC heap after
{Heap after GC invocations=56 (full 0):
 garbage-first heap   total 327680K, used 165016K [0x0000000080000000, 0x0000000100000000)
  region size 1024K, 11 young (11264K), 11 survivors (11264K)
 Metaspace       used 135406K, committed 137792K, reserved 1179648K
  class space    used 18356K, committed 19520K, reserved 1048576K
}
Event: 243.405 GC heap before
{Heap before GC invocations=56 (full 0):
 garbage-first heap   total 327680K, used 294040K [0x0000000080000000, 0x0000000100000000)
  region size 1024K, 138 young (141312K), 11 survivors (11264K)
 Metaspace       used 136786K, committed 139264K, reserved 1179648K
  class space    used 18503K, committed 19712K, reserved 1048576K
}
Event: 243.415 GC heap after
{Heap after GC invocations=57 (full 0):
 garbage-first heap   total 327680K, used 175645K [0x0000000080000000, 0x0000000100000000)
  region size 1024K, 17 young (17408K), 17 survivors (17408K)
 Metaspace       used 136786K, committed 139264K, reserved 1179648K
  class space    used 18503K, committed 19712K, reserved 1048576K
}
Event: 244.008 GC heap before
{Heap before GC invocations=58 (full 0):
 garbage-first heap   total 327680K, used 300573K [0x0000000080000000, 0x0000000100000000)
  region size 1024K, 139 young (142336K), 17 survivors (17408K)
 Metaspace       used 141730K, committed 144192K, reserved 1179648K
  class space    used 19173K, committed 20352K, reserved 1048576K
}
Event: 244.019 GC heap after
{Heap after GC invocations=59 (full 0):
 garbage-first heap   total 334848K, used 191632K [0x0000000080000000, 0x0000000100000000)
  region size 1024K, 15 young (15360K), 15 survivors (15360K)
 Metaspace       used 141730K, committed 144192K, reserved 1179648K
  class space    used 19173K, committed 20352K, reserved 1048576K
}
Event: 244.149 GC heap before
{Heap before GC invocations=59 (full 0):
 garbage-first heap   total 334848K, used 303248K [0x0000000080000000, 0x0000000100000000)
  region size 1024K, 125 young (128000K), 15 survivors (15360K)
 Metaspace       used 141780K, committed 144192K, reserved 1179648K
  class space    used 19177K, committed 20352K, reserved 1048576K
}
Event: 244.167 GC heap after
{Heap after GC invocations=60 (full 0):
 garbage-first heap   total 343040K, used 201216K [0x0000000080000000, 0x0000000100000000)
  region size 1024K, 16 young (16384K), 16 survivors (16384K)
 Metaspace       used 141780K, committed 144192K, reserved 1179648K
  class space    used 19177K, committed 20352K, reserved 1048576K
}
Event: 244.199 GC heap before
{Heap before GC invocations=60 (full 0):
 garbage-first heap   total 343040K, used 220672K [0x0000000080000000, 0x0000000100000000)
  region size 1024K, 37 young (37888K), 16 survivors (16384K)
 Metaspace       used 141806K, committed 144256K, reserved 1179648K
  class space    used 19181K, committed 20352K, reserved 1048576K
}
Event: 244.209 GC heap after
{Heap after GC invocations=61 (full 0):
 garbage-first heap   total 343040K, used 207872K [0x0000000080000000, 0x0000000100000000)
  region size 1024K, 7 young (7168K), 7 survivors (7168K)
 Metaspace       used 141806K, committed 144256K, reserved 1179648K
  class space    used 19181K, committed 20352K, reserved 1048576K
}
Event: 244.566 GC heap before
{Heap before GC invocations=62 (full 0):
 garbage-first heap   total 350208K, used 297984K [0x0000000080000000, 0x0000000100000000)
  region size 1024K, 94 young (96256K), 7 survivors (7168K)
 Metaspace       used 144583K, committed 146944K, reserved 1179648K
  class space    used 19597K, committed 20736K, reserved 1048576K
}
Event: 244.580 GC heap after
{Heap after GC invocations=63 (full 0):
 garbage-first heap   total 350208K, used 224999K [0x0000000080000000, 0x0000000100000000)
  region size 1024K, 12 young (12288K), 12 survivors (12288K)
 Metaspace       used 144583K, committed 146944K, reserved 1179648K
  class space    used 19597K, committed 20736K, reserved 1048576K
}
Event: 245.529 GC heap before
{Heap before GC invocations=63 (full 0):
 garbage-first heap   total 350208K, used 323303K [0x0000000080000000, 0x0000000100000000)
  region size 1024K, 91 young (93184K), 12 survivors (12288K)
 Metaspace       used 153505K, committed 156032K, reserved 1245184K
  class space    used 21044K, committed 22272K, reserved 1048576K
}
Event: 245.547 GC heap after
{Heap after GC invocations=64 (full 0):
 garbage-first heap   total 350208K, used 221184K [0x0000000080000000, 0x0000000100000000)
  region size 1024K, 3 young (3072K), 3 survivors (3072K)
 Metaspace       used 153505K, committed 156032K, reserved 1245184K
  class space    used 21044K, committed 22272K, reserved 1048576K
}
Event: 245.740 GC heap before
{Heap before GC invocations=64 (full 0):
 garbage-first heap   total 350208K, used 309248K [0x0000000080000000, 0x0000000100000000)
  region size 1024K, 90 young (92160K), 3 survivors (3072K)
 Metaspace       used 155598K, committed 158144K, reserved 1245184K
  class space    used 21465K, committed 22720K, reserved 1048576K
}
Event: 245.748 GC heap after
{Heap after GC invocations=65 (full 0):
 garbage-first heap   total 350208K, used 232806K [0x0000000080000000, 0x0000000100000000)
  region size 1024K, 12 young (12288K), 12 survivors (12288K)
 Metaspace       used 155598K, committed 158144K, reserved 1245184K
  class space    used 21465K, committed 22720K, reserved 1048576K
}
Event: 245.771 GC heap before
{Heap before GC invocations=65 (full 0):
 garbage-first heap   total 350208K, used 311654K [0x0000000080000000, 0x0000000100000000)
  region size 1024K, 90 young (92160K), 12 survivors (12288K)
 Metaspace       used 155707K, committed 158272K, reserved 1245184K
  class space    used 21470K, committed 22720K, reserved 1048576K
}
Event: 245.777 GC heap after
{Heap after GC invocations=66 (full 0):
 garbage-first heap   total 350208K, used 233728K [0x0000000080000000, 0x0000000100000000)
  region size 1024K, 3 young (3072K), 3 survivors (3072K)
 Metaspace       used 155707K, committed 158272K, reserved 1245184K
  class space    used 21470K, committed 22720K, reserved 1048576K
}
Event: 245.793 GC heap before
{Heap before GC invocations=66 (full 0):
 garbage-first heap   total 350208K, used 316672K [0x0000000080000000, 0x0000000100000000)
  region size 1024K, 85 young (87040K), 3 survivors (3072K)
 Metaspace       used 155797K, committed 158336K, reserved 1245184K
  class space    used 21470K, committed 22720K, reserved 1048576K
}

