# JRE version: OpenJDK Runtime Environment (21.0.10) (build 21.0.10+-14961533-b1163.108)
# Java VM: OpenJDK 64-Bit Server VM (21.0.10+-14961533-b1163.108, mixed mode, tiered, compressed oops, compressed class ptrs, g1 gc, windows-amd64)
GC Precious Log:
 CardTable entry size: 512
 Card Set container configuration: InlinePtr #cards 5 size 8 Array Of Cards #cards 12 size 40 Howl #buckets 4 coarsen threshold 1843 Howl Bitmap #cards 512 size 80 coarsen threshold 460 Card regions per heap region 1 cards per card region 2048
 CPUs: 8 total, 8 available
 Memory: 7834M
 Large Page Support: Disabled
 NUMA Support: Disabled
 Compressed Oops: Enabled (32-bit)
 Heap Region Size: 1M
 Heap Min Capacity: 8M
 Heap Initial Capacity: 124M
 Heap Max Capacity: 2G
 Pre-touch: Disabled
 Parallel Workers: 8
 Concurrent Workers: 2
 Concurrent Refinement Workers: 8
 Periodic GC: Disabled
Heap:
 garbage-first heap   total 310272K, used 166319K [0x0000000080000000, 0x0000000100000000)
  region size 1024K, 4 young (4096K), 4 survivors (4096K)
 Metaspace       used 130755K, committed 133120K, reserved 1179648K
  class space    used 18147K, committed 19328K, reserved 1048576K
GC Heap History (20 events):
Event: 24.203 GC heap after
{Heap after GC invocations=56 (full 0):
 garbage-first heap   total 227328K, used 122250K [0x0000000080000000, 0x0000000100000000)
  region size 1024K, 6 young (6144K), 6 survivors (6144K)
 Metaspace       used 121212K, committed 123520K, reserved 1179648K
  class space    used 17027K, committed 18112K, reserved 1048576K
}
Event: 24.645 GC heap before
{Heap before GC invocations=57 (full 0):
 garbage-first heap   total 227328K, used 212362K [0x0000000080000000, 0x0000000100000000)
  region size 1024K, 95 young (97280K), 6 survivors (6144K)
 Metaspace       used 121447K, committed 123776K, reserved 1179648K
  class space    used 17038K, committed 18176K, reserved 1048576K
}
Event: 24.651 GC heap after
{Heap after GC invocations=58 (full 0):
 garbage-first heap   total 227328K, used 122511K [0x0000000080000000, 0x0000000100000000)
  region size 1024K, 6 young (6144K), 6 survivors (6144K)
 Metaspace       used 121447K, committed 123776K, reserved 1179648K
  class space    used 17038K, committed 18176K, reserved 1048576K
}
Event: 24.960 GC heap before
{Heap before GC invocations=58 (full 0):
 garbage-first heap   total 227328K, used 213647K [0x0000000080000000, 0x0000000100000000)
  region size 1024K, 96 young (98304K), 6 survivors (6144K)
 Metaspace       used 121597K, committed 123904K, reserved 1179648K
  class space    used 17041K, committed 18176K, reserved 1048576K
}
Event: 24.966 GC heap after
{Heap after GC invocations=59 (full 0):
 garbage-first heap   total 227328K, used 122304K [0x0000000080000000, 0x0000000100000000)
  region size 1024K, 6 young (6144K), 6 survivors (6144K)
 Metaspace       used 121597K, committed 123904K, reserved 1179648K
  class space    used 17041K, committed 18176K, reserved 1048576K
}
Event: 24.996 GC heap before
{Heap before GC invocations=59 (full 0):
 garbage-first heap   total 227328K, used 140736K [0x0000000080000000, 0x0000000100000000)
  region size 1024K, 25 young (25600K), 6 survivors (6144K)
 Metaspace       used 121603K, committed 123904K, reserved 1179648K
  class space    used 17041K, committed 18176K, reserved 1048576K
}
Event: 25.001 GC heap after
{Heap after GC invocations=60 (full 0):
 garbage-first heap   total 273408K, used 122436K [0x0000000080000000, 0x0000000100000000)
  region size 1024K, 7 young (7168K), 7 survivors (7168K)
 Metaspace       used 121603K, committed 123904K, reserved 1179648K
  class space    used 17041K, committed 18176K, reserved 1048576K
}
Event: 25.005 GC heap before
{Heap before GC invocations=60 (full 0):
 garbage-first heap   total 273408K, used 124484K [0x0000000080000000, 0x0000000100000000)
  region size 1024K, 9 young (9216K), 7 survivors (7168K)
 Metaspace       used 121606K, committed 123904K, reserved 1179648K
  class space    used 17041K, committed 18176K, reserved 1048576K
}
Event: 25.009 GC heap after
{Heap after GC invocations=61 (full 0):
 garbage-first heap   total 273408K, used 123328K [0x0000000080000000, 0x0000000100000000)
  region size 1024K, 6 young (6144K), 6 survivors (6144K)
 Metaspace       used 121606K, committed 123904K, reserved 1179648K
  class space    used 17041K, committed 18176K, reserved 1048576K
}
Event: 25.230 GC heap before
{Heap before GC invocations=62 (full 0):
 garbage-first heap   total 273408K, used 255424K [0x0000000080000000, 0x0000000100000000)
  region size 1024K, 135 young (138240K), 6 survivors (6144K)
 Metaspace       used 121617K, committed 123904K, reserved 1179648K
  class space    used 17041K, committed 18176K, reserved 1048576K
}
Event: 25.234 GC heap after
{Heap after GC invocations=63 (full 0):
 garbage-first heap   total 273408K, used 123328K [0x0000000080000000, 0x0000000100000000)
  region size 1024K, 7 young (7168K), 7 survivors (7168K)
 Metaspace       used 121617K, committed 123904K, reserved 1179648K
  class space    used 17041K, committed 18176K, reserved 1048576K
}
Event: 25.449 GC heap before
{Heap before GC invocations=63 (full 0):
 garbage-first heap   total 273408K, used 257472K [0x0000000080000000, 0x0000000100000000)
  region size 1024K, 139 young (142336K), 7 survivors (7168K)
 Metaspace       used 121624K, committed 123904K, reserved 1179648K
  class space    used 17041K, committed 18176K, reserved 1048576K
}
Event: 25.457 GC heap after
{Heap after GC invocations=64 (full 0):
 garbage-first heap   total 273408K, used 123343K [0x0000000080000000, 0x0000000100000000)
  region size 1024K, 8 young (8192K), 8 survivors (8192K)
 Metaspace       used 121624K, committed 123904K, reserved 1179648K
  class space    used 17041K, committed 18176K, reserved 1048576K
}
Event: 26.041 GC heap before
{Heap before GC invocations=64 (full 0):
 garbage-first heap   total 273408K, used 256463K [0x0000000080000000, 0x0000000100000000)
  region size 1024K, 139 young (142336K), 8 survivors (8192K)
 Metaspace       used 122673K, committed 125056K, reserved 1179648K
  class space    used 17176K, committed 18304K, reserved 1048576K
}
Event: 26.047 GC heap after
{Heap after GC invocations=65 (full 0):
 garbage-first heap   total 273408K, used 119929K [0x0000000080000000, 0x0000000100000000)
  region size 1024K, 6 young (6144K), 6 survivors (6144K)
 Metaspace       used 122673K, committed 125056K, reserved 1179648K
  class space    used 17176K, committed 18304K, reserved 1048576K
}
Event: 27.809 GC heap before
{Heap before GC invocations=66 (full 0):
 garbage-first heap   total 273408K, used 264313K [0x0000000080000000, 0x0000000100000000)
  region size 1024K, 141 young (144384K), 6 survivors (6144K)
 Metaspace       used 130672K, committed 133056K, reserved 1179648K
  class space    used 18140K, committed 19328K, reserved 1048576K
}
Event: 27.824 GC heap after
{Heap after GC invocations=67 (full 0):
 garbage-first heap   total 285696K, used 135420K [0x0000000080000000, 0x0000000100000000)
  region size 1024K, 18 young (18432K), 18 survivors (18432K)
 Metaspace       used 130672K, committed 133056K, reserved 1179648K
  class space    used 18140K, committed 19328K, reserved 1048576K
}
Event: 28.093 GC heap before
{Heap before GC invocations=67 (full 0):
 garbage-first heap   total 285696K, used 262396K [0x0000000080000000, 0x0000000100000000)
  region size 1024K, 142 young (145408K), 18 survivors (18432K)
 Metaspace       used 130747K, committed 133120K, reserved 1179648K
  class space    used 18145K, committed 19328K, reserved 1048576K
}
Event: 28.143 GC heap after
{Heap after GC invocations=68 (full 0):
 garbage-first heap   total 310272K, used 161897K [0x0000000080000000, 0x0000000100000000)
  region size 1024K, 18 young (18432K), 18 survivors (18432K)
 Metaspace       used 130747K, committed 133120K, reserved 1179648K
  class space    used 18145K, committed 19328K, reserved 1048576K
}
Event: 28.153 GC heap before
{Heap before GC invocations=68 (full 0):
 garbage-first heap   total 310272K, used 172137K [0x0000000080000000, 0x0000000100000000)
  region size 1024K, 29 young (29696K), 18 survivors (18432K)
 Metaspace       used 130755K, committed 133120K, reserved 1179648K
  class space    used 18147K, committed 19328K, reserved 1048576K
}

